2009-06-22 9:41:10 INFO: Parsing Host for Tacho: http://neinstall01/neteye/cgi-bin/avail.cgi?t1=1241163670&t2=1243755670&show_log_entries=&host=all&assumeinitialstates=yes&assumestateretention=yes&assumestatesduringnotrunning=yes&includesoftstates=no&initialassumedhoststate=3&initialassumedservicestate=6&timeperiod=&backtrack=4
2009-06-22 9:46:10 OK: Parsing Configuration Host report: http://neinstall01/neteye/cgi-bin/avail.cgi?show_log_entries=&host=DemoLinuxRedHat&service=all&timeperiod="lastmonth"&smon=1&sday=1&syear=2009&shour=0&smin=0&ssec=0&emon=1&eday=22&eyear=2009&ehour=24&emin=0&esec=0&rpttimeperiod=&assumeinitialstates=yes&assumestateretention=yes&assumestatesduringnotrunning=yes&includesoftstates=no&initialassumedservicestate=0&backtrack=4
2009-06-22 9:46:10 INFO: New SERVICE scanner session initialized.
2009-06-22 9:46:28 OK: Parsing Configuration Host report: http://neinstall01/neteye/cgi-bin/avail.cgi?show_log_entries=&host=DemoLinuxRedHat&service=all&timeperiod="lastmonth"&smon=1&sday=1&syear=2009&shour=0&smin=0&ssec=0&emon=1&eday=22&eyear=2009&ehour=24&emin=0&esec=0&rpttimeperiod=&assumeinitialstates=yes&assumestateretention=yes&assumestatesduringnotrunning=yes&includesoftstates=no&initialassumedservicestate=0&backtrack=4
2009-06-22 9:46:29 OK: Parsing Configuration Service report: http://neinstall01/neteye/cgi-bin/avail.cgi?show_log_entries=&host=DemoLinuxRedHat&service=all&timeperiod="lastmonth"&smon=1&sday=1&syear=2009&shour=0&smin=0&ssec=0&emon=1&eday=22&eyear=2009&ehour=24&emin=0&esec=0&rpttimeperiod=&assumeinitialstates=yes&assumestateretention=yes&assumestatesduringnotrunning=yes&includesoftstates=no&initialassumedservicestate=0&backtrack=4
2009-06-22 9:46:33 OK: Parsing Configuration Service report: http://neinstall01/neteye/cgi-bin/avail.cgi?show_log_entries=&host=DemoLinuxRedHat&service=all&timeperiod="lastmonth"&smon=1&sday=1&syear=2009&shour=0&smin=0&ssec=0&emon=1&eday=22&eyear=2009&ehour=24&emin=0&esec=0&rpttimeperiod=&assumeinitialstates=yes&assumestateretention=yes&assumestatesduringnotrunning=yes&includesoftstates=no&initialassumedservicestate=0&backtrack=4
2009-06-22 9:46:34 OK: Parsing Configuration Service report: http://neinstall01/neteye/cgi-bin/avail.cgi?show_log_entries=&host=DemoLinuxRedHat&service=all&timeperiod="lastmonth"&smon=1&sday=1&syear=2009&shour=0&smin=0&ssec=0&emon=1&eday=22&eyear=2009&ehour=24&emin=0&esec=0&rpttimeperiod=&assumeinitialstates=yes&assumestateretention=yes&assumestatesduringnotrunning=yes&includesoftstates=no&initialassumedservicestate=0&backtrack=4
2009-06-22 9:46:35 OK: Parsing Configuration Host report: http://neinstall01/neteye/cgi-bin/avail.cgi?show_log_entries=&host=DemoLinuxRedHat&service=all&timeperiod="lastmonth"&smon=1&sday=1&syear=2009&shour=0&smin=0&ssec=0&emon=1&eday=22&eyear=2009&ehour=24&emin=0&esec=0&rpttimeperiod=&assumeinitialstates=yes&assumestateretention=yes&assumestatesduringnotrunning=yes&includesoftstates=no&initialassumedservicestate=0&backtrack=4
2009-06-22 9:46:35 OK: Parsing Configuration Service report: http://neinstall01/neteye/cgi-bin/avail.cgi?show_log_entries=&host=DemoLinuxRedHat&service=all&timeperiod="lastmonth"&smon=1&sday=1&syear=2009&shour=0&smin=0&ssec=0&emon=1&eday=22&eyear=2009&ehour=24&emin=0&esec=0&rpttimeperiod=&assumeinitialstates=yes&assumestateretention=yes&assumestatesduringnotrunning=yes&includesoftstates=no&initialassumedservicestate=0&backtrack=4
2009-06-22 9:46:38 OK: Parsing Configuration Host report: http://neinstall01/neteye/cgi-bin/avail.cgi?show_log_entries=&host=DemoLinuxRedHat&service=all&timeperiod="lastmonth"&smon=1&sday=1&syear=2009&shour=0&smin=0&ssec=0&emon=1&eday=22&eyear=2009&ehour=24&emin=0&esec=0&rpttimeperiod=&assumeinitialstates=yes&assumestateretention=yes&assumestatesduringnotrunning=yes&includesoftstates=no&initialassumedservicestate=0&backtrack=4
2009-06-22 9:46:39 OK: Parsing Configuration Service report: http://neinstall01/neteye/cgi-bin/avail.cgi?show_log_entries=&host=DemoLinuxRedHat&service=all&timeperiod="lastmonth"&smon=1&sday=1&syear=2009&shour=0&smin=0&ssec=0&emon=1&eday=22&eyear=2009&ehour=24&emin=0&esec=0&rpttimeperiod=&assumeinitialstates=yes&assumestateretention=yes&assumestatesduringnotrunning=yes&includesoftstates=no&initialassumedservicestate=0&backtrack=4
2009-06-22 9:46:40 OK: Parsing Configuration Host report: http://neinstall01/neteye/cgi-bin/avail.cgi?show_log_entries=&host=DemoLinuxRedHat&service=all&timeperiod="lastmonth"&smon=1&sday=1&syear=2009&shour=0&smin=0&ssec=0&emon=1&eday=22&eyear=2009&ehour=24&emin=0&esec=0&rpttimeperiod=&assumeinitialstates=yes&assumestateretention=yes&assumestatesduringnotrunning=yes&includesoftstates=no&initialassumedservicestate=0&backtrack=4
2009-06-22 9:46:40 OK: Parsing Configuration Service report: http://neinstall01/neteye/cgi-bin/avail.cgi?show_log_entries=&host=DemoLinuxRedHat&service=all&timeperiod="lastmonth"&smon=1&sday=1&syear=2009&shour=0&smin=0&ssec=0&emon=1&eday=22&eyear=2009&ehour=24&emin=0&esec=0&rpttimeperiod=&assumeinitialstates=yes&assumestateretention=yes&assumestatesduringnotrunning=yes&includesoftstates=no&initialassumedservicestate=0&backtrack=4
2009-06-22 9:46:40 OK: Parsing Configuration Service report: http://neinstall01/neteye/cgi-bin/avail.cgi?show_log_entries=&host=DemoLinuxRedHat&service=all&timeperiod="lastmonth"&smon=1&sday=1&syear=2009&shour=0&smin=0&ssec=0&emon=1&eday=22&eyear=2009&ehour=24&emin=0&esec=0&rpttimeperiod=&assumeinitialstates=yes&assumestateretention=yes&assumestatesduringnotrunning=yes&includesoftstates=no&initialassumedservicestate=0&backtrack=4
2009-06-22 9:46:42 OK: Parsing Configuration Service report: http://neinstall01/neteye/cgi-bin/avail.cgi?show_log_entries=&host=DemoLinuxRedHat&service=all&timeperiod="lastmonth"&smon=1&sday=1&syear=2009&shour=0&smin=0&ssec=0&emon=1&eday=22&eyear=2009&ehour=24&emin=0&esec=0&rpttimeperiod=&assumeinitialstates=yes&assumestateretention=yes&assumestatesduringnotrunning=yes&includesoftstates=no&initialassumedservicestate=0&backtrack=4
2009-06-22 9:46:44 OK: Parsing Configuration Service report: http://neinstall01/neteye/cgi-bin/avail.cgi?show_log_entries=&host=DemoLinuxRedHat&service=all&timeperiod="lastmonth"&smon=1&sday=1&syear=2009&shour=0&smin=0&ssec=0&emon=1&eday=22&eyear=2009&ehour=24&emin=0&esec=0&rpttimeperiod=&assumeinitialstates=yes&assumestateretention=yes&assumestatesduringnotrunning=yes&includesoftstates=no&initialassumedservicestate=0&backtrack=4
2013-04-15 16:30:25 INFO: New HOST scanner session initialized.
2013-04-15 16:30:25 INFO: New HOST scanner session initialized.
2013-04-15 16:30:25 INFO: New HOST scanner session initialized.
2013-04-15 16:30:30 INFO: New HOST scanner session initialized.
2013-04-15 16:30:30 INFO: New HOST scanner session initialized.
2013-04-15 16:30:30 INFO: New HOST scanner session initialized.
2013-04-15 16:30:35 INFO: New HOST scanner session initialized.
2013-04-15 16:30:35 INFO: New HOST scanner session initialized.
2013-04-15 16:30:35 INFO: New HOST scanner session initialized.
2013-04-15 16:30:40 INFO: New HOST scanner session initialized.
2013-04-15 16:30:40 INFO: New HOST scanner session initialized.
2013-04-15 16:30:40 INFO: New HOST scanner session initialized.
2013-04-15 16:30:45 INFO: New HOST scanner session initialized.
2013-04-15 16:30:45 INFO: New HOST scanner session initialized.
2013-04-15 16:30:45 INFO: New HOST scanner session initialized.
2013-04-15 16:30:50 INFO: New HOST scanner session initialized.
2013-04-15 16:30:50 INFO: New HOST scanner session initialized.
2013-04-15 16:30:50 INFO: New HOST scanner session initialized.
2013-04-15 16:30:55 INFO: New HOST scanner session initialized.
2013-04-15 16:30:55 INFO: New HOST scanner session initialized.
2013-04-15 16:30:55 INFO: New HOST scanner session initialized.
2013-04-15 16:31:00 INFO: New HOST scanner session initialized.
2013-04-15 16:31:00 INFO: New HOST scanner session initialized.
2013-04-15 16:31:00 INFO: New HOST scanner session initialized.
2013-04-15 16:31:05 INFO: New HOST scanner session initialized.
2013-04-15 16:31:05 INFO: New HOST scanner session initialized.
2013-04-15 16:31:05 INFO: New HOST scanner session initialized.
2013-04-15 16:31:11 INFO: New HOST scanner session initialized.
2013-04-15 16:31:11 INFO: New HOST scanner session initialized.
2013-04-15 16:31:11 INFO: New HOST scanner session initialized.
2013-04-15 16:31:16 INFO: New HOST scanner session initialized.
2013-04-15 16:31:16 INFO: New HOST scanner session initialized.
2013-04-15 16:31:16 INFO: New HOST scanner session initialized.
2013-04-15 16:31:21 INFO: New HOST scanner session initialized.
2013-04-15 16:31:21 INFO: New HOST scanner session initialized.
2013-04-15 16:31:21 INFO: New HOST scanner session initialized.
2013-04-15 16:31:26 INFO: New HOST scanner session initialized.
2013-04-15 16:31:26 INFO: New HOST scanner session initialized.
2013-04-15 16:31:26 INFO: New HOST scanner session initialized.
2013-04-15 16:31:31 INFO: New HOST scanner session initialized.
2013-04-15 16:31:31 INFO: New HOST scanner session initialized.
2013-04-15 16:31:31 INFO: New HOST scanner session initialized.
2013-04-15 16:31:36 INFO: New HOST scanner session initialized.
2013-04-15 16:31:36 INFO: New HOST scanner session initialized.
2013-04-15 16:31:36 INFO: New HOST scanner session initialized.
2013-04-15 16:31:41 INFO: New HOST scanner session initialized.
2013-04-15 16:31:41 INFO: New HOST scanner session initialized.
2013-04-15 16:31:41 INFO: New HOST scanner session initialized.
2013-04-15 16:31:46 INFO: New HOST scanner session initialized.
2013-04-15 16:31:46 INFO: New HOST scanner session initialized.
2013-04-15 16:31:46 INFO: New HOST scanner session initialized.
2013-04-15 16:31:51 INFO: New HOST scanner session initialized.
2013-04-15 16:31:51 INFO: New HOST scanner session initialized.
2013-04-15 16:31:51 INFO: New HOST scanner session initialized.
2013-04-15 16:31:56 INFO: New HOST scanner session initialized.
2013-04-15 16:31:56 INFO: New HOST scanner session initialized.
2013-04-15 16:31:56 INFO: New HOST scanner session initialized.
2013-04-15 16:32:02 INFO: New HOST scanner session initialized.
2013-04-15 16:32:02 INFO: New HOST scanner session initialized.
2013-04-15 16:32:02 INFO: New HOST scanner session initialized.
2013-04-15 16:32:07 INFO: New HOST scanner session initialized.
2013-04-15 16:32:07 INFO: New HOST scanner session initialized.
2013-04-15 16:32:07 INFO: New HOST scanner session initialized.
2013-04-15 16:32:12 INFO: New HOST scanner session initialized.
2013-04-15 16:32:12 INFO: New HOST scanner session initialized.
2013-04-15 16:32:12 INFO: New HOST scanner session initialized.
2013-04-15 16:32:17 INFO: New HOST scanner session initialized.
2013-04-15 16:32:17 INFO: New HOST scanner session initialized.
2013-04-15 16:32:17 INFO: New HOST scanner session initialized.
2013-04-15 16:32:22 INFO: New HOST scanner session initialized.
2013-04-15 16:32:22 INFO: New HOST scanner session initialized.
2013-04-15 16:32:22 INFO: New HOST scanner session initialized.
2013-04-15 16:32:27 INFO: New HOST scanner session initialized.
2013-04-15 16:32:27 INFO: New HOST scanner session initialized.
2013-04-15 16:32:27 INFO: New HOST scanner session initialized.
2013-04-15 16:32:32 INFO: New HOST scanner session initialized.
2013-04-15 16:32:32 INFO: New HOST scanner session initialized.
2013-04-15 16:32:32 INFO: New HOST scanner session initialized.
2013-04-15 16:32:37 INFO: New HOST scanner session initialized.
2013-04-15 16:32:37 INFO: New HOST scanner session initialized.
2013-04-15 16:32:37 INFO: New HOST scanner session initialized.
2013-04-15 16:32:42 INFO: New HOST scanner session initialized.
2013-04-15 16:32:42 INFO: New HOST scanner session initialized.
2013-04-15 16:32:42 INFO: New HOST scanner session initialized.
2013-04-15 16:32:47 INFO: New HOST scanner session initialized.
2013-04-15 16:32:47 INFO: New HOST scanner session initialized.
2013-04-15 16:32:47 INFO: New HOST scanner session initialized.
2013-04-15 16:32:53 INFO: New HOST scanner session initialized.
2013-04-15 16:32:53 INFO: New HOST scanner session initialized.
2013-04-15 16:32:53 INFO: New HOST scanner session initialized.
2013-04-15 16:32:58 INFO: New HOST scanner session initialized.
2013-04-15 16:32:58 INFO: New HOST scanner session initialized.
2013-04-15 16:32:58 INFO: New HOST scanner session initialized.
2013-04-15 16:33:04 INFO: New HOST scanner session initialized.
2013-04-15 16:33:04 INFO: New HOST scanner session initialized.
2013-04-15 16:33:04 INFO: New HOST scanner session initialized.
2013-04-15 16:33:09 INFO: New HOST scanner session initialized.
2013-04-15 16:33:09 INFO: New HOST scanner session initialized.
2013-04-15 16:33:09 INFO: New HOST scanner session initialized.
2013-04-15 16:33:14 INFO: New HOST scanner session initialized.
2013-04-15 16:33:14 INFO: New HOST scanner session initialized.
2013-04-15 16:33:14 INFO: New HOST scanner session initialized.
2013-04-15 16:33:19 INFO: New HOST scanner session initialized.
2013-04-15 16:33:19 INFO: New HOST scanner session initialized.
2013-04-15 16:33:19 INFO: New HOST scanner session initialized.
2013-04-15 16:33:25 INFO: New HOST scanner session initialized.
2013-04-15 16:33:25 INFO: New HOST scanner session initialized.
2013-04-15 16:33:25 INFO: New HOST scanner session initialized.
2013-04-15 16:33:30 INFO: New HOST scanner session initialized.
2013-04-15 16:33:30 INFO: New HOST scanner session initialized.
2013-04-15 16:33:30 INFO: New HOST scanner session initialized.
2013-04-15 16:33:35 INFO: New HOST scanner session initialized.
2013-04-15 16:33:35 INFO: New HOST scanner session initialized.
2013-04-15 16:33:35 INFO: New HOST scanner session initialized.
2013-04-15 16:33:40 INFO: New HOST scanner session initialized.
2013-04-15 16:33:40 INFO: New HOST scanner session initialized.
2013-04-15 16:33:40 INFO: New HOST scanner session initialized.
2013-04-15 16:33:45 INFO: New HOST scanner session initialized.
2013-04-15 16:33:45 INFO: New HOST scanner session initialized.
2013-04-15 16:33:45 INFO: New HOST scanner session initialized.
2013-04-15 16:33:50 INFO: New HOST scanner session initialized.
2013-04-15 16:33:50 INFO: New HOST scanner session initialized.
2013-04-15 16:33:50 INFO: New HOST scanner session initialized.
2013-04-15 16:33:55 INFO: New HOST scanner session initialized.
2013-04-15 16:33:55 INFO: New HOST scanner session initialized.
2013-04-15 16:33:55 INFO: New HOST scanner session initialized.
2013-04-15 16:34:00 INFO: New HOST scanner session initialized.
2013-04-15 16:34:00 INFO: New HOST scanner session initialized.
2013-04-15 16:34:00 INFO: New HOST scanner session initialized.
2013-04-15 16:34:05 INFO: New HOST scanner session initialized.
2013-04-15 16:34:05 INFO: New HOST scanner session initialized.
2013-04-15 16:34:05 INFO: New HOST scanner session initialized.
2013-04-15 16:34:10 INFO: New HOST scanner session initialized.
2013-04-15 16:34:10 INFO: New HOST scanner session initialized.
2013-04-15 16:34:10 INFO: New HOST scanner session initialized.
2013-04-15 16:34:16 INFO: New HOST scanner session initialized.
2013-04-15 16:34:16 INFO: New HOST scanner session initialized.
2013-04-15 16:34:16 INFO: New HOST scanner session initialized.
2013-04-15 16:34:20 INFO: New HOST scanner session initialized.
2013-04-15 16:34:20 INFO: New HOST scanner session initialized.
2013-04-15 16:34:20 INFO: New HOST scanner session initialized.
2013-04-15 16:34:26 INFO: New HOST scanner session initialized.
2013-04-15 16:34:26 INFO: New HOST scanner session initialized.
2013-04-15 16:34:26 INFO: New HOST scanner session initialized.
2013-04-15 16:34:31 INFO: New HOST scanner session initialized.
2013-04-15 16:34:31 INFO: New HOST scanner session initialized.
2013-04-15 16:34:31 INFO: New HOST scanner session initialized.
2013-04-15 16:34:37 INFO: New HOST scanner session initialized.
2013-04-15 16:34:37 INFO: New HOST scanner session initialized.
2013-04-15 16:34:37 INFO: New HOST scanner session initialized.
2013-04-15 16:34:42 INFO: New HOST scanner session initialized.
2013-04-15 16:34:42 INFO: New HOST scanner session initialized.
2013-04-15 16:34:42 INFO: New HOST scanner session initialized.
2013-04-15 16:34:47 INFO: New HOST scanner session initialized.
2013-04-15 16:34:47 INFO: New HOST scanner session initialized.
2013-04-15 16:34:47 INFO: New HOST scanner session initialized.
2013-04-15 16:34:52 INFO: New HOST scanner session initialized.
2013-04-15 16:34:52 INFO: New HOST scanner session initialized.
2013-04-15 16:34:52 INFO: New HOST scanner session initialized.
2013-04-15 16:34:57 INFO: New HOST scanner session initialized.
2013-04-15 16:34:57 INFO: New HOST scanner session initialized.
2013-04-15 16:34:57 INFO: New HOST scanner session initialized.
2013-04-15 16:35:02 INFO: New HOST scanner session initialized.
2013-04-15 16:35:02 INFO: New HOST scanner session initialized.
2013-04-15 16:35:02 INFO: New HOST scanner session initialized.
2013-04-15 16:35:07 INFO: New HOST scanner session initialized.
2013-04-15 16:35:07 INFO: New HOST scanner session initialized.
2013-04-15 16:35:07 INFO: New HOST scanner session initialized.
2013-04-15 16:35:12 INFO: New HOST scanner session initialized.
2013-04-15 16:35:12 INFO: New HOST scanner session initialized.
2013-04-15 16:35:12 INFO: New HOST scanner session initialized.
2013-04-15 16:35:17 INFO: New HOST scanner session initialized.
2013-04-15 16:35:17 INFO: New HOST scanner session initialized.
2013-04-15 16:35:17 INFO: New HOST scanner session initialized.
2013-04-15 16:35:22 INFO: New HOST scanner session initialized.
2013-04-15 16:35:22 INFO: New HOST scanner session initialized.
2013-04-15 16:35:22 INFO: New HOST scanner session initialized.
2013-04-15 16:35:28 INFO: New HOST scanner session initialized.
2013-04-15 16:35:28 INFO: New HOST scanner session initialized.
2013-04-15 16:35:28 INFO: New HOST scanner session initialized.
2013-04-15 16:35:33 INFO: New HOST scanner session initialized.
2013-04-15 16:35:33 INFO: New HOST scanner session initialized.
2013-04-15 16:35:33 INFO: New HOST scanner session initialized.
2013-04-15 16:35:38 INFO: New HOST scanner session initialized.
2013-04-15 16:35:38 INFO: New HOST scanner session initialized.
2013-04-15 16:35:38 INFO: New HOST scanner session initialized.
2013-04-15 16:35:43 INFO: New HOST scanner session initialized.
2013-04-15 16:35:43 INFO: New HOST scanner session initialized.
2013-04-15 16:35:43 INFO: New HOST scanner session initialized.
2013-04-15 16:35:48 INFO: New HOST scanner session initialized.
2013-04-15 16:35:48 INFO: New HOST scanner session initialized.
2013-04-15 16:35:48 INFO: New HOST scanner session initialized.
2013-04-15 16:35:53 INFO: New HOST scanner session initialized.
2013-04-15 16:35:53 INFO: New HOST scanner session initialized.
2013-04-15 16:35:53 INFO: New HOST scanner session initialized.
2013-04-15 16:35:58 INFO: New HOST scanner session initialized.
2013-04-15 16:35:58 INFO: New HOST scanner session initialized.
2013-04-15 16:35:58 INFO: New HOST scanner session initialized.
2013-04-15 16:36:03 INFO: New HOST scanner session initialized.
2013-04-15 16:36:03 INFO: New HOST scanner session initialized.
2013-04-15 16:36:03 INFO: New HOST scanner session initialized.
2013-04-15 16:36:08 INFO: New HOST scanner session initialized.
2013-04-15 16:36:08 INFO: New HOST scanner session initialized.
2013-04-15 16:36:08 INFO: New HOST scanner session initialized.
2013-04-15 16:36:13 INFO: New HOST scanner session initialized.
2013-04-15 16:36:13 INFO: New HOST scanner session initialized.
2013-04-15 16:36:13 INFO: New HOST scanner session initialized.
2013-04-15 16:36:19 INFO: New HOST scanner session initialized.
2013-04-15 16:36:19 INFO: New HOST scanner session initialized.
2013-04-15 16:36:19 INFO: New HOST scanner session initialized.
2013-04-15 16:36:24 INFO: New HOST scanner session initialized.
2013-04-15 16:36:24 INFO: New HOST scanner session initialized.
2013-04-15 16:36:24 INFO: New HOST scanner session initialized.
2013-04-15 16:36:29 INFO: New HOST scanner session initialized.
2013-04-15 16:36:29 INFO: New HOST scanner session initialized.
2013-04-15 16:36:29 INFO: New HOST scanner session initialized.
2013-04-15 16:36:34 INFO: New HOST scanner session initialized.
2013-04-15 16:36:34 INFO: New HOST scanner session initialized.
2013-04-15 16:36:34 INFO: New HOST scanner session initialized.
2013-04-15 16:36:35 INFO: New HOST scanner session initialized.
2013-04-15 16:36:35 INFO: New HOST scanner session initialized.
2013-04-15 16:36:35 INFO: New HOST scanner session initialized.
2013-04-15 16:36:42 INFO: New HOST scanner session initialized.
2013-04-15 16:36:42 INFO: New HOST scanner session initialized.
2013-04-15 16:36:42 INFO: New HOST scanner session initialized.
2013-04-15 16:40:06 INFO: New HOST scanner session initialized.
2013-04-15 16:40:06 INFO: New HOST scanner session initialized.
2013-04-15 16:40:06 INFO: New HOST scanner session initialized.
2013-04-15 16:40:13 INFO: New HOST scanner session initialized.
2013-04-15 16:40:13 INFO: New HOST scanner session initialized.
2013-04-15 16:40:13 INFO: New HOST scanner session initialized.
2013-04-15 16:40:18 INFO: New HOST scanner session initialized.
2013-04-15 16:40:18 INFO: New HOST scanner session initialized.
2013-04-15 16:40:18 INFO: New HOST scanner session initialized.
2013-04-15 16:40:23 INFO: New HOST scanner session initialized.
2013-04-15 16:40:23 INFO: New HOST scanner session initialized.
2013-04-15 16:40:23 INFO: New HOST scanner session initialized.
2013-04-15 16:40:28 INFO: New HOST scanner session initialized.
2013-04-15 16:40:28 INFO: New HOST scanner session initialized.
2013-04-15 16:40:28 INFO: New HOST scanner session initialized.
2013-04-15 16:40:33 INFO: New HOST scanner session initialized.
2013-04-15 16:40:33 INFO: New HOST scanner session initialized.
2013-04-15 16:40:33 INFO: New HOST scanner session initialized.
2013-04-15 16:40:38 INFO: New HOST scanner session initialized.
2013-04-15 16:40:38 INFO: New HOST scanner session initialized.
2013-04-15 16:40:38 INFO: New HOST scanner session initialized.
2013-04-15 16:40:43 INFO: New HOST scanner session initialized.
2013-04-15 16:40:43 INFO: New HOST scanner session initialized.
2013-04-15 16:40:43 INFO: New HOST scanner session initialized.
2013-04-15 16:40:48 INFO: New HOST scanner session initialized.
2013-04-15 16:40:48 INFO: New HOST scanner session initialized.
2013-04-15 16:40:48 INFO: New HOST scanner session initialized.
2013-04-15 16:40:53 INFO: New HOST scanner session initialized.
2013-04-15 16:40:53 INFO: New HOST scanner session initialized.
2013-04-15 16:40:53 INFO: New HOST scanner session initialized.
2013-04-15 16:40:58 INFO: New HOST scanner session initialized.
2013-04-15 16:40:58 INFO: New HOST scanner session initialized.
2013-04-15 16:40:58 INFO: New HOST scanner session initialized.
2013-04-15 16:41:04 INFO: New HOST scanner session initialized.
2013-04-15 16:41:04 INFO: New HOST scanner session initialized.
2013-04-15 16:41:04 INFO: New HOST scanner session initialized.
2013-04-15 16:41:09 INFO: New HOST scanner session initialized.
2013-04-15 16:41:09 INFO: New HOST scanner session initialized.
2013-04-15 16:41:09 INFO: New HOST scanner session initialized.
2013-04-15 16:41:14 INFO: New HOST scanner session initialized.
2013-04-15 16:41:14 INFO: New HOST scanner session initialized.
2013-04-15 16:41:14 INFO: New HOST scanner session initialized.
2013-04-15 16:41:19 INFO: New HOST scanner session initialized.
2013-04-15 16:41:19 INFO: New HOST scanner session initialized.
2013-04-15 16:41:19 INFO: New HOST scanner session initialized.
2013-04-15 16:41:24 INFO: New HOST scanner session initialized.
2013-04-15 16:41:24 INFO: New HOST scanner session initialized.
2013-04-15 16:41:24 INFO: New HOST scanner session initialized.
2013-04-15 16:41:29 INFO: New HOST scanner session initialized.
2013-04-15 16:41:29 INFO: New HOST scanner session initialized.
2013-04-15 16:41:29 INFO: New HOST scanner session initialized.
2013-04-15 16:41:34 INFO: New HOST scanner session initialized.
2013-04-15 16:41:34 INFO: New HOST scanner session initialized.
2013-04-15 16:41:34 INFO: New HOST scanner session initialized.
2013-04-15 16:41:39 INFO: New HOST scanner session initialized.
2013-04-15 16:41:39 INFO: New HOST scanner session initialized.
2013-04-15 16:41:39 INFO: New HOST scanner session initialized.
2013-04-15 16:41:44 INFO: New HOST scanner session initialized.
2013-04-15 16:41:44 INFO: New HOST scanner session initialized.
2013-04-15 16:41:44 INFO: New HOST scanner session initialized.
2013-04-15 16:41:49 INFO: New HOST scanner session initialized.
2013-04-15 16:41:49 INFO: New HOST scanner session initialized.
2013-04-15 16:41:49 INFO: New HOST scanner session initialized.
2013-04-15 16:41:55 INFO: New HOST scanner session initialized.
2013-04-15 16:41:55 INFO: New HOST scanner session initialized.
2013-04-15 16:41:55 INFO: New HOST scanner session initialized.
2013-04-15 16:42:00 INFO: New HOST scanner session initialized.
2013-04-15 16:42:00 INFO: New HOST scanner session initialized.
2013-04-15 16:42:00 INFO: New HOST scanner session initialized.
2013-04-15 16:42:05 INFO: New HOST scanner session initialized.
2013-04-15 16:42:05 INFO: New HOST scanner session initialized.
2013-04-15 16:42:05 INFO: New HOST scanner session initialized.
2013-04-15 16:42:10 INFO: New HOST scanner session initialized.
2013-04-15 16:42:10 INFO: New HOST scanner session initialized.
2013-04-15 16:42:10 INFO: New HOST scanner session initialized.
2013-04-15 16:42:15 INFO: New HOST scanner session initialized.
2013-04-15 16:42:15 INFO: New HOST scanner session initialized.
2013-04-15 16:42:15 INFO: New HOST scanner session initialized.
2013-04-15 16:42:20 INFO: New HOST scanner session initialized.
2013-04-15 16:42:20 INFO: New HOST scanner session initialized.
2013-04-15 16:42:20 INFO: New HOST scanner session initialized.
2013-04-15 16:42:25 INFO: New HOST scanner session initialized.
2013-04-15 16:42:25 INFO: New HOST scanner session initialized.
2013-04-15 16:42:25 INFO: New HOST scanner session initialized.
2013-04-15 16:42:30 INFO: New HOST scanner session initialized.
2013-04-15 16:42:30 INFO: New HOST scanner session initialized.
2013-04-15 16:42:30 INFO: New HOST scanner session initialized.
2013-04-15 16:42:35 INFO: New HOST scanner session initialized.
2013-04-15 16:42:35 INFO: New HOST scanner session initialized.
2013-04-15 16:42:35 INFO: New HOST scanner session initialized.
2013-04-15 16:42:40 INFO: New HOST scanner session initialized.
2013-04-15 16:42:40 INFO: New HOST scanner session initialized.
2013-04-15 16:42:40 INFO: New HOST scanner session initialized.
2013-04-15 16:42:46 INFO: New HOST scanner session initialized.
2013-04-15 16:42:46 INFO: New HOST scanner session initialized.
2013-04-15 16:42:46 INFO: New HOST scanner session initialized.
2013-04-15 16:42:51 INFO: New HOST scanner session initialized.
2013-04-15 16:42:51 INFO: New HOST scanner session initialized.
2013-04-15 16:42:51 INFO: New HOST scanner session initialized.
2013-04-15 16:42:56 INFO: New HOST scanner session initialized.
2013-04-15 16:42:56 INFO: New HOST scanner session initialized.
2013-04-15 16:42:56 INFO: New HOST scanner session initialized.
2013-04-15 16:43:01 INFO: New HOST scanner session initialized.
2013-04-15 16:43:01 INFO: New HOST scanner session initialized.
2013-04-15 16:43:01 INFO: New HOST scanner session initialized.
2013-04-15 16:43:06 INFO: New HOST scanner session initialized.
2013-04-15 16:43:06 INFO: New HOST scanner session initialized.
2013-04-15 16:43:06 INFO: New HOST scanner session initialized.
2013-04-15 16:43:11 INFO: New HOST scanner session initialized.
2013-04-15 16:43:11 INFO: New HOST scanner session initialized.
2013-04-15 16:43:11 INFO: New HOST scanner session initialized.
2013-04-15 16:43:16 INFO: New HOST scanner session initialized.
2013-04-15 16:43:16 INFO: New HOST scanner session initialized.
2013-04-15 16:43:16 INFO: New HOST scanner session initialized.
2013-04-15 16:43:21 INFO: New HOST scanner session initialized.
2013-04-15 16:43:21 INFO: New HOST scanner session initialized.
2013-04-15 16:43:21 INFO: New HOST scanner session initialized.
2013-04-15 16:43:26 INFO: New HOST scanner session initialized.
2013-04-15 16:43:26 INFO: New HOST scanner session initialized.
2013-04-15 16:43:26 INFO: New HOST scanner session initialized.
2013-04-15 16:43:31 INFO: New HOST scanner session initialized.
2013-04-15 16:43:31 INFO: New HOST scanner session initialized.
2013-04-15 16:43:31 INFO: New HOST scanner session initialized.
2013-04-15 16:43:37 INFO: New HOST scanner session initialized.
2013-04-15 16:43:37 INFO: New HOST scanner session initialized.
2013-04-15 16:43:37 INFO: New HOST scanner session initialized.
2013-04-15 16:43:42 INFO: New HOST scanner session initialized.
2013-04-15 16:43:42 INFO: New HOST scanner session initialized.
2013-04-15 16:43:42 INFO: New HOST scanner session initialized.
2013-04-15 16:43:47 INFO: New HOST scanner session initialized.
2013-04-15 16:43:47 INFO: New HOST scanner session initialized.
2013-04-15 16:43:47 INFO: New HOST scanner session initialized.
2013-04-15 16:43:52 INFO: New HOST scanner session initialized.
2013-04-15 16:43:52 INFO: New HOST scanner session initialized.
2013-04-15 16:43:52 INFO: New HOST scanner session initialized.
2013-04-15 16:43:57 INFO: New HOST scanner session initialized.
2013-04-15 16:43:57 INFO: New HOST scanner session initialized.
2013-04-15 16:43:57 INFO: New HOST scanner session initialized.
2013-04-15 16:44:02 INFO: New HOST scanner session initialized.
2013-04-15 16:44:02 INFO: New HOST scanner session initialized.
2013-04-15 16:44:02 INFO: New HOST scanner session initialized.
2013-04-15 16:44:07 INFO: New HOST scanner session initialized.
2013-04-15 16:44:07 INFO: New HOST scanner session initialized.
2013-04-15 16:44:07 INFO: New HOST scanner session initialized.
2013-04-15 16:44:12 INFO: New HOST scanner session initialized.
2013-04-15 16:44:12 INFO: New HOST scanner session initialized.
2013-04-15 16:44:12 INFO: New HOST scanner session initialized.
2013-04-15 16:44:17 INFO: New HOST scanner session initialized.
2013-04-15 16:44:17 INFO: New HOST scanner session initialized.
2013-04-15 16:44:17 INFO: New HOST scanner session initialized.
2013-04-15 16:44:22 INFO: New HOST scanner session initialized.
2013-04-15 16:44:23 INFO: New HOST scanner session initialized.
2013-04-15 16:44:23 INFO: New HOST scanner session initialized.
2013-04-15 16:44:28 INFO: New HOST scanner session initialized.
2013-04-15 16:44:28 INFO: New HOST scanner session initialized.
2013-04-15 16:44:28 INFO: New HOST scanner session initialized.
2013-04-15 16:44:33 INFO: New HOST scanner session initialized.
2013-04-15 16:44:33 INFO: New HOST scanner session initialized.
2013-04-15 16:44:33 INFO: New HOST scanner session initialized.
2013-04-15 16:44:38 INFO: New HOST scanner session initialized.
2013-04-15 16:44:38 INFO: New HOST scanner session initialized.
2013-04-15 16:44:38 INFO: New HOST scanner session initialized.
2013-04-15 16:44:43 INFO: New HOST scanner session initialized.
2013-04-15 16:44:43 INFO: New HOST scanner session initialized.
2013-04-15 16:44:43 INFO: New HOST scanner session initialized.
2013-04-15 16:44:48 INFO: New HOST scanner session initialized.
2013-04-15 16:44:48 INFO: New HOST scanner session initialized.
2013-04-15 16:44:48 INFO: New HOST scanner session initialized.
2013-04-15 16:44:53 INFO: New HOST scanner session initialized.
2013-04-15 16:44:53 INFO: New HOST scanner session initialized.
2013-04-15 16:44:53 INFO: New HOST scanner session initialized.
2013-04-15 16:44:58 INFO: New HOST scanner session initialized.
2013-04-15 16:44:58 INFO: New HOST scanner session initialized.
2013-04-15 16:44:58 INFO: New HOST scanner session initialized.
2013-04-15 16:45:03 INFO: New HOST scanner session initialized.
2013-04-15 16:45:03 INFO: New HOST scanner session initialized.
2013-04-15 16:45:03 INFO: New HOST scanner session initialized.
2013-04-15 16:45:08 INFO: New HOST scanner session initialized.
2013-04-15 16:45:08 INFO: New HOST scanner session initialized.
2013-04-15 16:45:08 INFO: New HOST scanner session initialized.
2013-04-15 16:45:13 INFO: New HOST scanner session initialized.
2013-04-15 16:45:13 INFO: New HOST scanner session initialized.
2013-04-15 16:45:13 INFO: New HOST scanner session initialized.
2013-04-15 16:45:18 INFO: New HOST scanner session initialized.
2013-04-15 16:45:18 INFO: New HOST scanner session initialized.
2013-04-15 16:45:18 INFO: New HOST scanner session initialized.
2013-04-15 16:45:30 INFO: New HOST scanner session initialized.
2013-04-15 16:45:30 INFO: New HOST scanner session initialized.
2013-04-15 16:45:30 INFO: New HOST scanner session initialized.
2013-04-15 16:45:36 INFO: New HOST scanner session initialized.
2013-04-15 16:45:36 INFO: New HOST scanner session initialized.
2013-04-15 16:45:36 INFO: New HOST scanner session initialized.
